<?xml version="1.0" encoding="UTF-8"?>
<!-- Generated by org.testng.reporters.JUnitReportReporter -->
<testsuite hostname="MSI" failures="0" tests="1" name="com.calendar.CalendarExample" time="48.231" errors="0" timestamp="2023-05-21T17:56:55 IST" skipped="0">
  <testcase classname="com.calendar.CalendarExample" name="jQueryCalendarMultipleMonths" time="48.231"/>
  <system-out/>
</testsuite> <!-- com.calendar.CalendarExample -->
